Using pre-set license
Built from '2020.3/release' branch; Version is '2020.3.1f1 (77a89f25062f) revision 7841951'; Using compiler version '192528614'; Build Type 'Release'
OS: 'Windows 10 Pro; OS build 19041.928; Version 2004; 64bit' Language: 'de' Physical Memory: 8143 MB
BatchMode: 1, IsHumanControllingUs: 0, StartBugReporterOnCrash: 0, Is64bit: 1, IsPro: 0

 COMMAND LINE ARGUMENTS:
F:\Programme\Unity\2020.3.1f1\Editor\Unity.exe
-adb2
-batchMode
-noUpm
-name
AssetImportWorker0
-projectPath
D:/Projekte/MeleeProject/MeleeProject
-logFile
Logs/AssetImportWorker0.log
-srvPort
61268
Successfully changed project path to: D:/Projekte/MeleeProject/MeleeProject
D:/Projekte/MeleeProject/MeleeProject
Using Asset Import Pipeline V2.
Refreshing native plugins compatible for Editor in 29.41 ms, found 0 plugins.
Preloading 0 native plugins for Editor in 0.00 ms.
Initialize engine version: 2020.3.1f1 (77a89f25062f)
[Subsystems] Discovering subsystems at path F:/Programme/Unity/2020.3.1f1/Editor/Data/Resources/UnitySubsystems
[Subsystems] Discovering subsystems at path D:/Projekte/MeleeProject/MeleeProject/Assets
GfxDevice: creating device client; threaded=0
Direct3D:
    Version:  Direct3D 11.0 [level 11.1]
    Renderer: NVIDIA GeForce GTX 1060 6GB (ID=0x1c03)
    Vendor:   
    VRAM:     6052 MB
    Driver:   27.21.14.5671
Initialize mono
Mono path[0] = 'F:/Programme/Unity/2020.3.1f1/Editor/Data/Managed'
Mono path[1] = 'F:/Programme/Unity/2020.3.1f1/Editor/Data/MonoBleedingEdge/lib/mono/unityjit'
Mono config path = 'F:/Programme/Unity/2020.3.1f1/Editor/Data/MonoBleedingEdge/etc'
Using monoOptions --debugger-agent=transport=dt_socket,embedding=1,server=y,suspend=n,address=127.0.0.1:56208
Begin MonoManager ReloadAssembly
Registering precompiled unity dll's ...
Register platform support module: F:/Programme/Unity/2020.3.1f1/Editor/Data/PlaybackEngines/WindowsStandaloneSupport/UnityEditor.WindowsStandalone.Extensions.dll
Registered in 0.003349 seconds.
Native extension for WindowsStandalone target not found
Refreshing native plugins compatible for Editor in 26.49 ms, found 0 plugins.
Preloading 0 native plugins for Editor in 0.00 ms.
Invoked RoslynAnalysisRunner static constructor.
RoslynAnalysisRunner will not be running.
RoslynAnalysisRunner has terminated.
Mono: successfully reloaded assembly
- Completed reload, in  1.911 seconds
Platform modules already initialized, skipping
Registering precompiled user dll's ...
Registered in 0.001136 seconds.
Begin MonoManager ReloadAssembly
Native extension for WindowsStandalone target not found
Refreshing native plugins compatible for Editor in 0.38 ms, found 0 plugins.
Preloading 0 native plugins for Editor in 0.00 ms.
Invoked RoslynAnalysisRunner static constructor.
RoslynAnalysisRunner will not be running.
RoslynAnalysisRunner has terminated.
Mono: successfully reloaded assembly
- Completed reload, in  0.855 seconds
Platform modules already initialized, skipping
========================================================================
Worker process is ready to serve import requests
Launched and connected shader compiler UnityShaderCompiler.exe after 0.05 seconds
Refreshing native plugins compatible for Editor in 0.40 ms, found 0 plugins.
Preloading 0 native plugins for Editor in 0.00 ms.
Unloading 1395 Unused Serialized files (Serialized files now loaded: 0)
System memory in use before: 64.3 MB.
System memory in use after: 64.3 MB.

Unloading 33 unused Assets to reduce memory usage. Loaded Objects now: 1825.
Total: 2.043800 ms (FindLiveObjects: 0.349900 ms CreateObjectMapping: 0.133900 ms MarkObjects: 1.469100 ms  DeleteObjects: 0.089700 ms)

========================================================================
Received Import Request.
  path: Assets/Sprites
  artifactKey: Guid(be8370bcb5b68da4b80b25b2fc9763f1) Importer(815301076,1909f56bfc062723c751e8b465ee728b)
Start importing Assets/Sprites using Guid(be8370bcb5b68da4b80b25b2fc9763f1) Importer(815301076,1909f56bfc062723c751e8b465ee728b)  -> (artifact id: 'a3170c5951f17411cbaac55271ac0bfc') in 0.029097 seconds
  Import took 0.031780 seconds .

========================================================================
Received Prepare
Refreshing native plugins compatible for Editor in 4.14 ms, found 0 plugins.
Preloading 0 native plugins for Editor in 0.00 ms.
Unloading 23 Unused Serialized files (Serialized files now loaded: 0)
System memory in use before: 37.0 MB.
System memory in use after: 37.1 MB.

Unloading 22 unused Assets to reduce memory usage. Loaded Objects now: 1825.
Total: 2.654500 ms (FindLiveObjects: 0.224300 ms CreateObjectMapping: 0.143100 ms MarkObjects: 2.267500 ms  DeleteObjects: 0.018000 ms)

========================================================================
Received Import Request.
  Time since last request: 397.287754 seconds.
  path: Assets/Sprites/Hair/Female/Back/female_hair_back_1.png
  artifactKey: Guid(8282e73bc91b0b54eb98de924d8e19fb) Importer(815301076,1909f56bfc062723c751e8b465ee728b)
Start importing Assets/Sprites/Hair/Female/Back/female_hair_back_1.png using Guid(8282e73bc91b0b54eb98de924d8e19fb) Importer(815301076,1909f56bfc062723c751e8b465ee728b)  -> (artifact id: 'd7684ba2c41dd587bba49f377a95122a') in 0.258526 seconds
  Import took 0.262501 seconds .

========================================================================
Received Import Request.
  Time since last request: 0.000199 seconds.
  path: Assets/Sprites/Hair/Female/Front/female_hair_front_1.png
  artifactKey: Guid(79c8bae54c14a7d4fab571dbc30b95e3) Importer(815301076,1909f56bfc062723c751e8b465ee728b)
Start importing Assets/Sprites/Hair/Female/Front/female_hair_front_1.png using Guid(79c8bae54c14a7d4fab571dbc30b95e3) Importer(815301076,1909f56bfc062723c751e8b465ee728b)  -> (artifact id: '8242ab4d6cad33f96a11675c715eb6fb') in 0.114122 seconds
  Import took 0.116943 seconds .

========================================================================
Received Import Request.
  Time since last request: 0.002509 seconds.
  path: Assets/Sprites/Hair/Female/Front/female_hair_front_1.png
  artifactKey: Guid(79c8bae54c14a7d4fab571dbc30b95e3) Importer(815301076,1909f56bfc062723c751e8b465ee728b)
Start importing Assets/Sprites/Hair/Female/Front/female_hair_front_1.png using Guid(79c8bae54c14a7d4fab571dbc30b95e3) Importer(815301076,1909f56bfc062723c751e8b465ee728b)  -> (artifact id: '8242ab4d6cad33f96a11675c715eb6fb') in 0.120495 seconds
  Import took 0.123551 seconds .

========================================================================
Received Import Request.
  Time since last request: 1.492971 seconds.
  path: Assets/Sprites/Enemies/lizard.png
  artifactKey: Guid(fae0a1192a8e3de48be6182ab6ed055a) Importer(815301076,1909f56bfc062723c751e8b465ee728b)
Start importing Assets/Sprites/Enemies/lizard.png using Guid(fae0a1192a8e3de48be6182ab6ed055a) Importer(815301076,1909f56bfc062723c751e8b465ee728b)  -> (artifact id: '857d8169e9a4ad223da276d8181a245e') in 0.087548 seconds
  Import took 0.090315 seconds .

========================================================================
Received Import Request.
  Time since last request: 0.533409 seconds.
  path: Assets/Resources/Fonts/PhysicalDamage.png
  artifactKey: Guid(533df0483b2e1194694a9194d3e29998) Importer(815301076,1909f56bfc062723c751e8b465ee728b)
Start importing Assets/Resources/Fonts/PhysicalDamage.png using Guid(533df0483b2e1194694a9194d3e29998) Importer(815301076,1909f56bfc062723c751e8b465ee728b)  -> (artifact id: '61821add38d2fea855669d2db6f64abe') in 0.030322 seconds
  Import took 0.033216 seconds .

========================================================================
Received Import Request.
  Time since last request: 0.000194 seconds.
  path: Assets/Sprites/Effects/poof.png
  artifactKey: Guid(8deb126bd9705cf4b91618bcde5c2523) Importer(815301076,1909f56bfc062723c751e8b465ee728b)
Start importing Assets/Sprites/Effects/poof.png using Guid(8deb126bd9705cf4b91618bcde5c2523) Importer(815301076,1909f56bfc062723c751e8b465ee728b)  -> (artifact id: '8337d79f1166ee16c65ca6fb7a6f2766') in 0.036757 seconds
  Import took 0.039496 seconds .

========================================================================
Received Import Request.
  Time since last request: 0.000189 seconds.
  path: Assets/Sprites/Effects/ranged_fire.png
  artifactKey: Guid(a6c9194fff9261444b38c2ac1f1011d7) Importer(815301076,1909f56bfc062723c751e8b465ee728b)
Start importing Assets/Sprites/Effects/ranged_fire.png using Guid(a6c9194fff9261444b38c2ac1f1011d7) Importer(815301076,1909f56bfc062723c751e8b465ee728b)  -> (artifact id: 'fc35ced9851c058ec63a47351643d7d9') in 0.045829 seconds
  Import took 0.048333 seconds .

========================================================================
Received Import Request.
  Time since last request: 0.574599 seconds.
  path: Assets/Sprites/Effects/ranged_air.png
  artifactKey: Guid(3a971c95b28ef5e42a4cd6dc7aa98696) Importer(815301076,1909f56bfc062723c751e8b465ee728b)
Start importing Assets/Sprites/Effects/ranged_air.png using Guid(3a971c95b28ef5e42a4cd6dc7aa98696) Importer(815301076,1909f56bfc062723c751e8b465ee728b)  -> (artifact id: '9bcfc9dc835390f2e74e4dc437b7a800') in 0.035292 seconds
  Import took 0.038036 seconds .

========================================================================
Received Import Request.
  Time since last request: 0.000171 seconds.
  path: Assets/Sprites/Effects/ranged_physical.png
  artifactKey: Guid(956c5ce59855db444b5533e5d75b2f9b) Importer(815301076,1909f56bfc062723c751e8b465ee728b)
Start importing Assets/Sprites/Effects/ranged_physical.png using Guid(956c5ce59855db444b5533e5d75b2f9b) Importer(815301076,1909f56bfc062723c751e8b465ee728b)  -> (artifact id: '43179a28d555990b765a2089d8f5c4a0') in 0.038307 seconds
  Import took 0.041065 seconds .

========================================================================
Received Import Request.
  Time since last request: 0.027345 seconds.
  path: Assets/Sprites/GUI/Select/selection_e.png
  artifactKey: Guid(f338a44fb23d08a4cbda01b863a80fad) Importer(815301076,1909f56bfc062723c751e8b465ee728b)
Start importing Assets/Sprites/GUI/Select/selection_e.png using Guid(f338a44fb23d08a4cbda01b863a80fad) Importer(815301076,1909f56bfc062723c751e8b465ee728b)  -> (artifact id: '56acc645c2555b1c79956af19a48b84d') in 0.029589 seconds
  Import took 0.032362 seconds .

========================================================================
Received Import Request.
  Time since last request: 0.000175 seconds.
  path: Assets/Sprites/GUI/Select/selection_w.png
  artifactKey: Guid(e1bb74942a6431f41bdf2e262ef375e9) Importer(815301076,1909f56bfc062723c751e8b465ee728b)
Start importing Assets/Sprites/GUI/Select/selection_w.png using Guid(e1bb74942a6431f41bdf2e262ef375e9) Importer(815301076,1909f56bfc062723c751e8b465ee728b)  -> (artifact id: '95d35f0e245bdad9610217b72cd76a63') in 0.029934 seconds
  Import took 0.032167 seconds .

========================================================================
Received Import Request.
  Time since last request: 0.000182 seconds.
  path: Assets/Sprites/Effects/slash_air.png
  artifactKey: Guid(e2776d7b736be264f9c5dc7557a96c42) Importer(815301076,1909f56bfc062723c751e8b465ee728b)
Start importing Assets/Sprites/Effects/slash_air.png using Guid(e2776d7b736be264f9c5dc7557a96c42) Importer(815301076,1909f56bfc062723c751e8b465ee728b)  -> (artifact id: '12d691395f5e2eae98ca76296d3db204') in 0.047845 seconds
  Import took 0.050082 seconds .

========================================================================
Received Import Request.
  Time since last request: 0.000183 seconds.
  path: Assets/Sprites/Effects/slam_physical.png
  artifactKey: Guid(15be65dec9eb21f4aa1717cd1dccd274) Importer(815301076,1909f56bfc062723c751e8b465ee728b)
Start importing Assets/Sprites/Effects/slam_physical.png using Guid(15be65dec9eb21f4aa1717cd1dccd274) Importer(815301076,1909f56bfc062723c751e8b465ee728b)  -> (artifact id: '007b7d55676b0dbadc0037bfe625edad') in 0.052298 seconds
  Import took 0.054802 seconds .

========================================================================
Received Import Request.
  Time since last request: 0.000197 seconds.
  path: Assets/Sprites/GUI/Select/selection_s.png
  artifactKey: Guid(afc7cef8cf2f02146bcd220198348fe1) Importer(815301076,1909f56bfc062723c751e8b465ee728b)
Start importing Assets/Sprites/GUI/Select/selection_s.png using Guid(afc7cef8cf2f02146bcd220198348fe1) Importer(815301076,1909f56bfc062723c751e8b465ee728b)  -> (artifact id: '61d335b00ad0d122a0b9fd9dfae60ce0') in 0.029859 seconds
  Import took 0.032690 seconds .

========================================================================
Received Import Request.
  Time since last request: 0.000313 seconds.
  path: Assets/Sprites/GUI/Select/selection_n.png
  artifactKey: Guid(1e6a289fb9aeaa14ba427f8422e9fe44) Importer(815301076,1909f56bfc062723c751e8b465ee728b)
Start importing Assets/Sprites/GUI/Select/selection_n.png using Guid(1e6a289fb9aeaa14ba427f8422e9fe44) Importer(815301076,1909f56bfc062723c751e8b465ee728b)  -> (artifact id: '68e7e207994f48acf3b03ad1029604b4') in 0.033495 seconds
  Import took 0.035955 seconds .

========================================================================
Received Import Request.
  Time since last request: 0.533017 seconds.
  path: Assets/Sprites/Effects/slash_fire.png
  artifactKey: Guid(58780bc5bbe2bdd4a9c7f7fea556eff3) Importer(815301076,1909f56bfc062723c751e8b465ee728b)
Start importing Assets/Sprites/Effects/slash_fire.png using Guid(58780bc5bbe2bdd4a9c7f7fea556eff3) Importer(815301076,1909f56bfc062723c751e8b465ee728b)  -> (artifact id: 'fb6df32e8189cd5aa27c354a6bd57af8') in 0.050064 seconds
  Import took 0.054143 seconds .

========================================================================
Received Import Request.
  Time since last request: 0.013120 seconds.
  path: Assets/Sprites/Effects/slash_fire.png
  artifactKey: Guid(58780bc5bbe2bdd4a9c7f7fea556eff3) Importer(815301076,1909f56bfc062723c751e8b465ee728b)
Start importing Assets/Sprites/Effects/slash_fire.png using Guid(58780bc5bbe2bdd4a9c7f7fea556eff3) Importer(815301076,1909f56bfc062723c751e8b465ee728b)  -> (artifact id: 'fb6df32e8189cd5aa27c354a6bd57af8') in 0.051181 seconds
  Import took 0.054201 seconds .

========================================================================
Received Import Request.
  Time since last request: 0.000146 seconds.
  path: Assets/Sprites/Effects/slash_ice.png
  artifactKey: Guid(314abe4a2ea6fcc4d878b0f914e2d675) Importer(815301076,1909f56bfc062723c751e8b465ee728b)
Start importing Assets/Sprites/Effects/slash_ice.png using Guid(314abe4a2ea6fcc4d878b0f914e2d675) Importer(815301076,1909f56bfc062723c751e8b465ee728b)  -> (artifact id: '8ec89e0e4df03e74a0254d1d29f5c95c') in 0.058304 seconds
  Import took 0.060876 seconds .

========================================================================
Received Import Request.
  Time since last request: 0.610617 seconds.
  path: Assets/Sprites/Effects/slash_physical.png
  artifactKey: Guid(8d53259aa2d0ed54bb3d4dcfb060e7f7) Importer(815301076,1909f56bfc062723c751e8b465ee728b)
Start importing Assets/Sprites/Effects/slash_physical.png using Guid(8d53259aa2d0ed54bb3d4dcfb060e7f7) Importer(815301076,1909f56bfc062723c751e8b465ee728b)  -> (artifact id: '942c2783ff2efc279763a7e78f1df0ac') in 0.036394 seconds
  Import took 0.039369 seconds .

========================================================================
Received Import Request.
  Time since last request: 0.000213 seconds.
  path: Assets/Sprites/Armor/Female/female_strapped.png
  artifactKey: Guid(edd435eb60890604f8ff907fe44674b6) Importer(815301076,1909f56bfc062723c751e8b465ee728b)
Start importing Assets/Sprites/Armor/Female/female_strapped.png using Guid(edd435eb60890604f8ff907fe44674b6) Importer(815301076,1909f56bfc062723c751e8b465ee728b)  -> (artifact id: 'ab7e3e2c20bbc7eee7c02246b64de455') in 0.113353 seconds
  Import took 0.116017 seconds .

========================================================================
Received Import Request.
  Time since last request: 0.698586 seconds.
  path: Assets/Sprites/Weapons/Female/Sword_Steel.png
  artifactKey: Guid(f6d5583b7823b0541926aec84a93a0ba) Importer(815301076,1909f56bfc062723c751e8b465ee728b)
Start importing Assets/Sprites/Weapons/Female/Sword_Steel.png using Guid(f6d5583b7823b0541926aec84a93a0ba) Importer(815301076,1909f56bfc062723c751e8b465ee728b)  -> (artifact id: '00c098f80f394e886c6476b32883aa44') in 0.091981 seconds
  Import took 0.095103 seconds .

========================================================================
Received Import Request.
  Time since last request: 5.371722 seconds.
  path: Assets/Sprites/Hair
  artifactKey: Guid(a6b9a85af77922641b214299e5993b13) Importer(815301076,1909f56bfc062723c751e8b465ee728b)
Start importing Assets/Sprites/Hair using Guid(a6b9a85af77922641b214299e5993b13) Importer(815301076,1909f56bfc062723c751e8b465ee728b)  -> (artifact id: '5414f4adbc289d27d34b70bcc7d440e7') in 0.004948 seconds
  Import took 0.007774 seconds .

========================================================================
Received Import Request.
  Time since last request: 0.000299 seconds.
  path: Assets/Sprites/Hair
  artifactKey: Guid(a6b9a85af77922641b214299e5993b13) Importer(815301076,1909f56bfc062723c751e8b465ee728b)
Start importing Assets/Sprites/Hair using Guid(a6b9a85af77922641b214299e5993b13) Importer(815301076,1909f56bfc062723c751e8b465ee728b)  -> (artifact id: '5414f4adbc289d27d34b70bcc7d440e7') in 0.002716 seconds
  Import took 0.005276 seconds .

========================================================================
Received Import Request.
  Time since last request: 0.866624 seconds.
  path: Assets/Sprites/Hair/Female
  artifactKey: Guid(d7985f3a03a0b004ca89a73f45b63d98) Importer(815301076,1909f56bfc062723c751e8b465ee728b)
Start importing Assets/Sprites/Hair/Female using Guid(d7985f3a03a0b004ca89a73f45b63d98) Importer(815301076,1909f56bfc062723c751e8b465ee728b)  -> (artifact id: '70d419fa96278dfef5815f319fa19953') in 0.023745 seconds
  Import took 0.026321 seconds .

========================================================================
Received Import Request.
  Time since last request: 1.223191 seconds.
  path: Assets/Sprites/Hair/Female/Front
  artifactKey: Guid(cc1695f158468e94db001fc56a2dc4e9) Importer(815301076,1909f56bfc062723c751e8b465ee728b)
Start importing Assets/Sprites/Hair/Female/Front using Guid(cc1695f158468e94db001fc56a2dc4e9) Importer(815301076,1909f56bfc062723c751e8b465ee728b)  -> (artifact id: '56cca8e7749e6087fbec809d92f7ec50') in 0.023302 seconds
  Import took 0.025895 seconds .

========================================================================
Received Import Request.
  Time since last request: 68.476999 seconds.
  path: Assets/Sprites/Weapons/Female
  artifactKey: Guid(0291f34e2fced3f418bba5d0e9b20df9) Importer(815301076,1909f56bfc062723c751e8b465ee728b)
Start importing Assets/Sprites/Weapons/Female using Guid(0291f34e2fced3f418bba5d0e9b20df9) Importer(815301076,1909f56bfc062723c751e8b465ee728b)  -> (artifact id: '1a3ad45f74518a32a4e3a53de5deb15b') in 0.023296 seconds
  Import took 0.025987 seconds .

========================================================================
Received Import Request.
  Time since last request: 0.043165 seconds.
  path: Assets/Sprites/Weapons/Female/Sword_Steel_Back.png
  artifactKey: Guid(e59c501cb7de7bb41b0b6f97a460f3a4) Importer(815301076,1909f56bfc062723c751e8b465ee728b)
Start importing Assets/Sprites/Weapons/Female/Sword_Steel_Back.png using Guid(e59c501cb7de7bb41b0b6f97a460f3a4) Importer(815301076,1909f56bfc062723c751e8b465ee728b)  -> (artifact id: 'c5d5828dfc3e53755d42b2f1e1d8dc4c') in 0.093853 seconds
  Import took 0.096635 seconds .

========================================================================
Received Import Request.
  Time since last request: 22.937626 seconds.
  path: Assets/Sprites/Eyes/Female
  artifactKey: Guid(7fbfcaf07164aa345acd9695ad320749) Importer(815301076,1909f56bfc062723c751e8b465ee728b)
Start importing Assets/Sprites/Eyes/Female using Guid(7fbfcaf07164aa345acd9695ad320749) Importer(815301076,1909f56bfc062723c751e8b465ee728b)  -> (artifact id: '778bcbcbf3d15f2a38e934943b75b582') in 0.023181 seconds
  Import took 0.025946 seconds .

========================================================================
Received Import Request.
  Time since last request: 0.051504 seconds.
  path: Assets/Sprites/Eyes/Female/female_eyes_1.png
  artifactKey: Guid(af113ba738e3be64c8919f6a9fe06781) Importer(815301076,1909f56bfc062723c751e8b465ee728b)
Start importing Assets/Sprites/Eyes/Female/female_eyes_1.png using Guid(af113ba738e3be64c8919f6a9fe06781) Importer(815301076,1909f56bfc062723c751e8b465ee728b)  -> (artifact id: '41b2dac924f86c3871c2ed1b5da718ed') in 0.086879 seconds
  Import took 0.090245 seconds .

========================================================================
Received Import Request.
  Time since last request: 7.285498 seconds.
  path: Assets/Sprites/Effects/block.png
  artifactKey: Guid(2bd83516db5e0c942b91499ad6478357) Importer(815301076,1909f56bfc062723c751e8b465ee728b)
Start importing Assets/Sprites/Effects/block.png using Guid(2bd83516db5e0c942b91499ad6478357) Importer(815301076,1909f56bfc062723c751e8b465ee728b)  -> (artifact id: 'c2b2b0519829fc9265e20da8bcdbfa27') in 0.033332 seconds
  Import took 0.035991 seconds .

========================================================================
Received Import Request.
  Time since last request: 47.030603 seconds.
  path: Assets/Sprites/Bodies/Female
  artifactKey: Guid(874182eb424afe746861697a797d854f) Importer(815301076,1909f56bfc062723c751e8b465ee728b)
Start importing Assets/Sprites/Bodies/Female using Guid(874182eb424afe746861697a797d854f) Importer(815301076,1909f56bfc062723c751e8b465ee728b)  -> (artifact id: '9d1a67bc50bc35704da928c281c8dac8') in 0.022735 seconds
  Import took 0.025277 seconds .

========================================================================
Received Import Request.
  Time since last request: 0.029184 seconds.
  path: Assets/Sprites/Bodies/Female/female_body_2.png
  artifactKey: Guid(6eb409c569a50654ca7712f22f31422b) Importer(815301076,1909f56bfc062723c751e8b465ee728b)
Start importing Assets/Sprites/Bodies/Female/female_body_2.png using Guid(6eb409c569a50654ca7712f22f31422b) Importer(815301076,1909f56bfc062723c751e8b465ee728b)  -> (artifact id: '42c5e111ceb721eb4ac0c9f033e37cdb') in 0.090783 seconds
  Import took 0.093593 seconds .

========================================================================
Received Import Request.
  Time since last request: 18.772111 seconds.
  path: Assets/Sprites/Armor/Female
  artifactKey: Guid(91e97495b015b28409ff7e48832841bf) Importer(815301076,1909f56bfc062723c751e8b465ee728b)
Start importing Assets/Sprites/Armor/Female using Guid(91e97495b015b28409ff7e48832841bf) Importer(815301076,1909f56bfc062723c751e8b465ee728b)  -> (artifact id: '0288c961266010270fa68dfe02abaa86') in 0.022310 seconds
  Import took 0.024891 seconds .

========================================================================
Received Import Request.
  Time since last request: 7591.253685 seconds.
  path: Assets
  artifactKey: Guid(00000000000000001000000000000000) Importer(815301076,1909f56bfc062723c751e8b465ee728b)
Start importing Assets using Guid(00000000000000001000000000000000) Importer(815301076,1909f56bfc062723c751e8b465ee728b)  -> (artifact id: 'a6374019befeac6ce670f13ba9960efb') in 0.035015 seconds
  Import took 0.038226 seconds .

========================================================================
Received Import Request.
  Time since last request: 5.609664 seconds.
  path: Assets/Animation
  artifactKey: Guid(d54df2f78ad2c8f49914afeb4d460ba9) Importer(815301076,1909f56bfc062723c751e8b465ee728b)
Start importing Assets/Animation using Guid(d54df2f78ad2c8f49914afeb4d460ba9) Importer(815301076,1909f56bfc062723c751e8b465ee728b)  -> (artifact id: 'e3ca6a8d18b565875d17526204c60c3f') in 0.028785 seconds
  Import took 0.031506 seconds .

========================================================================
Received Import Request.
  Time since last request: 16.852549 seconds.
  path: Assets/Animation/CharacterP
  artifactKey: Guid(05b7d9adad18b2549a6bd0e6304b4cd5) Importer(815301076,1909f56bfc062723c751e8b465ee728b)
Start importing Assets/Animation/CharacterP using Guid(05b7d9adad18b2549a6bd0e6304b4cd5) Importer(815301076,1909f56bfc062723c751e8b465ee728b)  -> (artifact id: 'd9bc57da77d56c68264b4586cf0f3df5') in 0.027186 seconds
  Import took 0.029744 seconds .

========================================================================
Received Import Request.
  Time since last request: 5.728010 seconds.
  path: Assets/Animation/Character
  artifactKey: Guid(05b7d9adad18b2549a6bd0e6304b4cd5) Importer(815301076,1909f56bfc062723c751e8b465ee728b)
Start importing Assets/Animation/Character using Guid(05b7d9adad18b2549a6bd0e6304b4cd5) Importer(815301076,1909f56bfc062723c751e8b465ee728b)  -> (artifact id: 'f723a95d8fefcaf34ab2081c738212ec') in 0.024099 seconds
  Import took 0.028220 seconds .

========================================================================
Received Import Request.
  Time since last request: 5.669398 seconds.
  path: Assets/Animation/Character/Player
  artifactKey: Guid(1c60ad36d06958a49a53b61d92bf8d4b) Importer(815301076,1909f56bfc062723c751e8b465ee728b)
Start importing Assets/Animation/Character/Player using Guid(1c60ad36d06958a49a53b61d92bf8d4b) Importer(815301076,1909f56bfc062723c751e8b465ee728b)  -> (artifact id: 'a28b90cdbdd5a2d970402e5200897e4b') in 0.026844 seconds
  Import took 0.029647 seconds .

========================================================================
Received Import Request.
  Time since last request: 5.673608 seconds.
  path: Assets/Animation/Character/Enemy
  artifactKey: Guid(e3921d86d6f2406449b5c7d15233154e) Importer(815301076,1909f56bfc062723c751e8b465ee728b)
Start importing Assets/Animation/Character/Enemy using Guid(e3921d86d6f2406449b5c7d15233154e) Importer(815301076,1909f56bfc062723c751e8b465ee728b)  -> (artifact id: '9b22a4649a6805fca63a6ab64f09d0e3') in 0.027835 seconds
  Import took 0.031562 seconds .

========================================================================
Received Import Request.
  Time since last request: 8.494499 seconds.
  path: Assets/Animation/Character/Player/Armor
  artifactKey: Guid(7cb0c0808dc6ddc4bbb70add42ef3581) Importer(815301076,1909f56bfc062723c751e8b465ee728b)
Start importing Assets/Animation/Character/Player/Armor using Guid(7cb0c0808dc6ddc4bbb70add42ef3581) Importer(815301076,1909f56bfc062723c751e8b465ee728b)  -> (artifact id: '8a4802c401b4e1ef7ce38955da02dce2') in 0.026809 seconds
  Import took 0.029890 seconds .

========================================================================
Received Import Request.
  Time since last request: 9.668229 seconds.
  path: Assets/Animation/Character/Player/Body
  artifactKey: Guid(c24489b996fb9fe4080c1c5285db1458) Importer(815301076,1909f56bfc062723c751e8b465ee728b)
Start importing Assets/Animation/Character/Player/Body using Guid(c24489b996fb9fe4080c1c5285db1458) Importer(815301076,1909f56bfc062723c751e8b465ee728b)  -> (artifact id: '0a70b15e2af8c1870deffc3689a7d632') in 0.025897 seconds
  Import took 0.041589 seconds .

========================================================================
Received Import Request.
  Time since last request: 7.629711 seconds.
  path: Assets/Animation/Character/Player/Weapon
  artifactKey: Guid(669abd376f200cb438d80e862500d158) Importer(815301076,1909f56bfc062723c751e8b465ee728b)
Start importing Assets/Animation/Character/Player/Weapon using Guid(669abd376f200cb438d80e862500d158) Importer(815301076,1909f56bfc062723c751e8b465ee728b)  -> (artifact id: 'bfc3b744d3fd0573c3833fe68f70e401') in 0.024251 seconds
  Import took 0.026741 seconds .

========================================================================
Received Import Request.
  Time since last request: 9.557033 seconds.
  path: Assets/Animation/Character/Player/Hair
  artifactKey: Guid(e215dc0d95112df4498db7f185b647b2) Importer(815301076,1909f56bfc062723c751e8b465ee728b)
Start importing Assets/Animation/Character/Player/Hair using Guid(e215dc0d95112df4498db7f185b647b2) Importer(815301076,1909f56bfc062723c751e8b465ee728b)  -> (artifact id: 'f9a87462ac8f425fadfb591da4f330cf') in 0.003469 seconds
  Import took 0.006358 seconds .

========================================================================
Received Import Request.
  Time since last request: 6.688305 seconds.
  path: Assets/Animation/Character/Player/Eyes
  artifactKey: Guid(e28648a1b7ef24743812025fded024d1) Importer(815301076,1909f56bfc062723c751e8b465ee728b)
Start importing Assets/Animation/Character/Player/Eyes using Guid(e28648a1b7ef24743812025fded024d1) Importer(815301076,1909f56bfc062723c751e8b465ee728b)  -> (artifact id: '1fe8a96df46b797c05fcf0c44ef51d09') in 0.005197 seconds
  Import took 0.009189 seconds .

========================================================================
Received Import Request.
  Time since last request: 10.515495 seconds.
  path: Assets/Animation/Character/Player/Hair/Front
  artifactKey: Guid(406b51898300f5e45bfdc963c0b3ed9b) Importer(815301076,1909f56bfc062723c751e8b465ee728b)
Start importing Assets/Animation/Character/Player/Hair/Front using Guid(406b51898300f5e45bfdc963c0b3ed9b) Importer(815301076,1909f56bfc062723c751e8b465ee728b)  -> (artifact id: '6ba2833f7a3519db608ea12da138ef43') in 0.026328 seconds
  Import took 0.030646 seconds .

========================================================================
Received Import Request.
  Time since last request: 4.679033 seconds.
  path: Assets/Animation/Character/Player/Hair/Back
  artifactKey: Guid(7a1a685e83b167e469c5167c15e6e682) Importer(815301076,1909f56bfc062723c751e8b465ee728b)
Start importing Assets/Animation/Character/Player/Hair/Back using Guid(7a1a685e83b167e469c5167c15e6e682) Importer(815301076,1909f56bfc062723c751e8b465ee728b)  -> (artifact id: '67b1e9676d1755750c60f9548cfea9c1') in 0.004023 seconds
  Import took 0.006960 seconds .

========================================================================
Received Import Request.
  Time since last request: 5.920425 seconds.
  path: Assets/Animation/Character/Player/Weapon/Front
  artifactKey: Guid(c5cb5322745c4264fb5d4b9552a4e80a) Importer(815301076,1909f56bfc062723c751e8b465ee728b)
Start importing Assets/Animation/Character/Player/Weapon/Front using Guid(c5cb5322745c4264fb5d4b9552a4e80a) Importer(815301076,1909f56bfc062723c751e8b465ee728b)  -> (artifact id: 'c2613a55ee6717ddf999a9043d1fcdb6') in 0.022929 seconds
  Import took 0.025610 seconds .

========================================================================
Received Import Request.
  Time since last request: 6.096768 seconds.
  path: Assets/Animation/Character/Player/Weapon/Back
  artifactKey: Guid(5d20b5db7610d0840b8adfe84f556b11) Importer(815301076,1909f56bfc062723c751e8b465ee728b)
Start importing Assets/Animation/Character/Player/Weapon/Back using Guid(5d20b5db7610d0840b8adfe84f556b11) Importer(815301076,1909f56bfc062723c751e8b465ee728b)  -> (artifact id: '7428cf0ed91fd865642175f0f8e8a23d') in 0.004342 seconds
  Import took 0.020693 seconds .

========================================================================
Received Import Request.
  Time since last request: 28.545065 seconds.
  path: Assets/Animation/Character/Player/Female
  artifactKey: Guid(547ba775f2094d0468366130880fd249) Importer(815301076,1909f56bfc062723c751e8b465ee728b)
Start importing Assets/Animation/Character/Player/Female using Guid(547ba775f2094d0468366130880fd249) Importer(815301076,1909f56bfc062723c751e8b465ee728b)  -> (artifact id: 'ef5850b64d4bf6472a452ebb269ea03a') in 0.022808 seconds
  Import took 0.025758 seconds .

========================================================================
Received Import Request.
  Time since last request: 40.069442 seconds.
  path: Assets/Sprites/Battle Boards/board_forest.png
  artifactKey: Guid(c3db39217553f2241b23603ff9fa50d1) Importer(815301076,1909f56bfc062723c751e8b465ee728b)
Start importing Assets/Sprites/Battle Boards/board_forest.png using Guid(c3db39217553f2241b23603ff9fa50d1) Importer(815301076,1909f56bfc062723c751e8b465ee728b)  -> (artifact id: 'bc2e04be611dcdffb1e21533e175e3f6') in 0.087117 seconds
  Import took 0.089964 seconds .

========================================================================
Received Import Request.
  Time since last request: 236.469720 seconds.
  path: Assets/Animation/Character/Player/Female/Body/female_body_2_36.controller
  artifactKey: Guid(d35d06e0e98300c4daa3b8ccb5e3cbaf) Importer(815301076,1909f56bfc062723c751e8b465ee728b)
Start importing Assets/Animation/Character/Player/Female/Body/female_body_2_36.controller using Guid(d35d06e0e98300c4daa3b8ccb5e3cbaf) Importer(815301076,1909f56bfc062723c751e8b465ee728b)  -> (artifact id: '8cbd9234fe7487cbd76e609069fbc5b8') in 0.031780 seconds
  Import took 0.034246 seconds .

========================================================================
Received Import Request.
  Time since last request: 293.250181 seconds.
  path: Assets/Sprites/Weapons/Female/Sword_Steel_Back_35.controller
  artifactKey: Guid(cd9591055e1d0e64b860f111fe4fe143) Importer(815301076,1909f56bfc062723c751e8b465ee728b)
Start importing Assets/Sprites/Weapons/Female/Sword_Steel_Back_35.controller using Guid(cd9591055e1d0e64b860f111fe4fe143) Importer(815301076,1909f56bfc062723c751e8b465ee728b)  -> (artifact id: '4b22052250c3ca47686e9a0da927ccb6') in 0.024916 seconds
  Import took 0.027816 seconds .

========================================================================
Received Import Request.
  Time since last request: 3.913108 seconds.
  path: Assets/Sprites/Weapons/Female/Fight_Idle_SwordBack.anim
  artifactKey: Guid(7318e0dd794f42540b60714e45c985d7) Importer(815301076,1909f56bfc062723c751e8b465ee728b)
Start importing Assets/Sprites/Weapons/Female/Fight_Idle_SwordBack.anim using Guid(7318e0dd794f42540b60714e45c985d7) Importer(815301076,1909f56bfc062723c751e8b465ee728b)  -> (artifact id: 'be77c8c11fddd6d1194255cf2a91bc0d') in 0.028048 seconds
  Import took 0.050357 seconds .

========================================================================
Received Import Request.
  Time since last request: 55.811101 seconds.
  path: Assets/Animation/Character/Player/Female/Weapon/Front/Sword_Steel_35.controller
  artifactKey: Guid(0d0a7fac16816934bbe70779291e6fd4) Importer(815301076,1909f56bfc062723c751e8b465ee728b)
Start importing Assets/Animation/Character/Player/Female/Weapon/Front/Sword_Steel_35.controller using Guid(0d0a7fac16816934bbe70779291e6fd4) Importer(815301076,1909f56bfc062723c751e8b465ee728b)  -> (artifact id: '9ad205a170d279163150b45f134ea065') in 0.024311 seconds
  Import took 0.027107 seconds .

========================================================================
Received Import Request.
  Time since last request: 9.051982 seconds.
  path: Assets/Animation/Character/Player/Female/Hair/Front/female_hair_1_front_38.controller
  artifactKey: Guid(e5dc3c9aabe363a498bee541bb6ea07d) Importer(815301076,1909f56bfc062723c751e8b465ee728b)
Start importing Assets/Animation/Character/Player/Female/Hair/Front/female_hair_1_front_38.controller using Guid(e5dc3c9aabe363a498bee541bb6ea07d) Importer(815301076,1909f56bfc062723c751e8b465ee728b)  -> (artifact id: '6d135f73cc82d329abf9f379af8b8a51') in 0.023378 seconds
  Import took 0.025887 seconds .

========================================================================
Received Import Request.
  Time since last request: 5.822083 seconds.
  path: Assets/Animation/Character/Player/Female/Hair/Back/female_hair_1_back_35.controller
  artifactKey: Guid(79de4f7866506cd43bd5b8be7dbd23f4) Importer(815301076,1909f56bfc062723c751e8b465ee728b)
Start importing Assets/Animation/Character/Player/Female/Hair/Back/female_hair_1_back_35.controller using Guid(79de4f7866506cd43bd5b8be7dbd23f4) Importer(815301076,1909f56bfc062723c751e8b465ee728b)  -> (artifact id: 'a9c25824b7ee8cb73ed3cf39d1079295') in 0.024381 seconds
  Import took 0.027004 seconds .

========================================================================
Received Import Request.
  Time since last request: 1.251808 seconds.
  path: Assets/Animation/Character/Player/Female/Hair/Back/Fight_Idle_HairBack.anim
  artifactKey: Guid(dceda4cb92417514d92fde5c503232d0) Importer(815301076,1909f56bfc062723c751e8b465ee728b)
Start importing Assets/Animation/Character/Player/Female/Hair/Back/Fight_Idle_HairBack.anim using Guid(dceda4cb92417514d92fde5c503232d0) Importer(815301076,1909f56bfc062723c751e8b465ee728b)  -> (artifact id: 'de75b6021499e0a52f456463676b4da2') in 0.023819 seconds
  Import took 0.026265 seconds .

========================================================================
Received Import Request.
  Time since last request: 13.300348 seconds.
  path: Assets/Animation/Character/Player/Female/Eyes/female_eyes_1_38.controller
  artifactKey: Guid(cd06055f23d524d49ab1a0e880bbda6e) Importer(815301076,1909f56bfc062723c751e8b465ee728b)
Start importing Assets/Animation/Character/Player/Female/Eyes/female_eyes_1_38.controller using Guid(cd06055f23d524d49ab1a0e880bbda6e) Importer(815301076,1909f56bfc062723c751e8b465ee728b)  -> (artifact id: 'eec0c2447121381ab64d39756979779d') in 0.025226 seconds
  Import took 0.027782 seconds .

========================================================================
Received Import Request.
  Time since last request: 3.652048 seconds.
  path: Assets/Animation/Character/Player/Female/Body/female_body_2_35.controller
  artifactKey: Guid(594e3d0e721f1c649b1ab363831efd45) Importer(815301076,1909f56bfc062723c751e8b465ee728b)
Start importing Assets/Animation/Character/Player/Female/Body/female_body_2_35.controller using Guid(594e3d0e721f1c649b1ab363831efd45) Importer(815301076,1909f56bfc062723c751e8b465ee728b)  -> (artifact id: 'abee90e637126fa5ec420b9bb79dd0a7') in 0.024853 seconds
  Import took 0.027444 seconds .

========================================================================
Received Import Request.
  Time since last request: 4.261129 seconds.
  path: Assets/Animation/Character/Player/Female/Armor/Fight_Idle_Armor.anim
  artifactKey: Guid(aff78bc579c694c4eae7ae99bbad00e6) Importer(815301076,1909f56bfc062723c751e8b465ee728b)
Start importing Assets/Animation/Character/Player/Female/Armor/Fight_Idle_Armor.anim using Guid(aff78bc579c694c4eae7ae99bbad00e6) Importer(815301076,1909f56bfc062723c751e8b465ee728b)  -> (artifact id: 'ac0dfa87e025e8ba2ed49e8377409c31') in 0.024642 seconds
  Import took 0.027762 seconds .

========================================================================
Received Import Request.
  Time since last request: 1.764728 seconds.
  path: Assets/Animation/Character/Player/Female/Armor/strapped_female_38.controller
  artifactKey: Guid(9b6bce2226cfb4947b3012a52ad610a6) Importer(815301076,1909f56bfc062723c751e8b465ee728b)
Start importing Assets/Animation/Character/Player/Female/Armor/strapped_female_38.controller using Guid(9b6bce2226cfb4947b3012a52ad610a6) Importer(815301076,1909f56bfc062723c751e8b465ee728b)  -> (artifact id: 'f3a68b4f6c901dfef1d323091eea477c') in 0.024378 seconds
  Import took 0.027099 seconds .

========================================================================
Received Import Request.
  Time since last request: 26.558545 seconds.
  path: Assets/Animation/Character/Player/Female/Body/FemaleyBody.controller
  artifactKey: Guid(594e3d0e721f1c649b1ab363831efd45) Importer(815301076,1909f56bfc062723c751e8b465ee728b)
Start importing Assets/Animation/Character/Player/Female/Body/FemaleyBody.controller using Guid(594e3d0e721f1c649b1ab363831efd45) Importer(815301076,1909f56bfc062723c751e8b465ee728b)  -> (artifact id: 'f590f1ebec96d5c8dfdc94dd3e4b5fde') in 0.024416 seconds
  Import took 0.027298 seconds .

========================================================================
Received Import Request.
  Time since last request: 1.436012 seconds.
  path: Assets/Animation/Character/Player/Female/Body/Fight_Idle.anim
  artifactKey: Guid(d27aaabc4b99e44428bb5819daa2e43c) Importer(815301076,1909f56bfc062723c751e8b465ee728b)
Start importing Assets/Animation/Character/Player/Female/Body/Fight_Idle.anim using Guid(d27aaabc4b99e44428bb5819daa2e43c) Importer(815301076,1909f56bfc062723c751e8b465ee728b)  -> (artifact id: 'fe7c9ce6e5d569f63636bb40c6022b1f') in 0.023773 seconds
  Import took 0.026353 seconds .

========================================================================
Received Import Request.
  Time since last request: 6.800061 seconds.
  path: Assets/Animation/Character/Player/Female/Body/Fight_Idle_Body.anim
  artifactKey: Guid(d27aaabc4b99e44428bb5819daa2e43c) Importer(815301076,1909f56bfc062723c751e8b465ee728b)
Start importing Assets/Animation/Character/Player/Female/Body/Fight_Idle_Body.anim using Guid(d27aaabc4b99e44428bb5819daa2e43c) Importer(815301076,1909f56bfc062723c751e8b465ee728b)  -> (artifact id: '7e3f1b96a6550b855ddc52191dba107a') in 0.023651 seconds
  Import took 0.026373 seconds .

========================================================================
Received Import Request.
  Time since last request: 34.001573 seconds.
  path: Assets/Animation/Character/Player/Female/Armor/ArmorAnimator.controller
  artifactKey: Guid(9b6bce2226cfb4947b3012a52ad610a6) Importer(815301076,1909f56bfc062723c751e8b465ee728b)
Start importing Assets/Animation/Character/Player/Female/Armor/ArmorAnimator.controller using Guid(9b6bce2226cfb4947b3012a52ad610a6) Importer(815301076,1909f56bfc062723c751e8b465ee728b)  -> (artifact id: '529361458cf60af7c39436df98cc231c') in 0.024494 seconds
  Import took 0.027195 seconds .

========================================================================
Received Import Request.
  Time since last request: 7.749575 seconds.
  path: Assets/Animation/Character/Player/Female/Armor/FemaleArmorAnimator.controller
  artifactKey: Guid(9b6bce2226cfb4947b3012a52ad610a6) Importer(815301076,1909f56bfc062723c751e8b465ee728b)
Start importing Assets/Animation/Character/Player/Female/Armor/FemaleArmorAnimator.controller using Guid(9b6bce2226cfb4947b3012a52ad610a6) Importer(815301076,1909f56bfc062723c751e8b465ee728b)  -> (artifact id: 'ab1dcd7b16967e11bf4f953c5f1f0af6') in 0.022775 seconds
  Import took 0.076208 seconds .

========================================================================
Received Import Request.
  Time since last request: 14.335880 seconds.
  path: Assets/Animation/Character/Player/Female/Eyes/FemaleEyesAnimator.controller
  artifactKey: Guid(cd06055f23d524d49ab1a0e880bbda6e) Importer(815301076,1909f56bfc062723c751e8b465ee728b)
Start importing Assets/Animation/Character/Player/Female/Eyes/FemaleEyesAnimator.controller using Guid(cd06055f23d524d49ab1a0e880bbda6e) Importer(815301076,1909f56bfc062723c751e8b465ee728b)  -> (artifact id: '210d8896f06ada7f370e5e4d59e4af2c') in 0.023330 seconds
  Import took 0.025918 seconds .

========================================================================
Received Import Request.
  Time since last request: 18.669718 seconds.
  path: Assets/Animation/Character/Player/Female/Hair/Back/FemaileHairBackAnimator.controller
  artifactKey: Guid(79de4f7866506cd43bd5b8be7dbd23f4) Importer(815301076,1909f56bfc062723c751e8b465ee728b)
Start importing Assets/Animation/Character/Player/Female/Hair/Back/FemaileHairBackAnimator.controller using Guid(79de4f7866506cd43bd5b8be7dbd23f4) Importer(815301076,1909f56bfc062723c751e8b465ee728b)  -> (artifact id: '847e9ab9c2dd7b6db3b9408a7a3fcdcc') in 0.023544 seconds
  Import took 0.026228 seconds .

========================================================================
Received Import Request.
  Time since last request: 9.345692 seconds.
  path: Assets/Animation/Character/Player/Female/Hair/Front/FemaileHairFrontAnimator.controller
  artifactKey: Guid(e5dc3c9aabe363a498bee541bb6ea07d) Importer(815301076,1909f56bfc062723c751e8b465ee728b)
Start importing Assets/Animation/Character/Player/Female/Hair/Front/FemaileHairFrontAnimator.controller using Guid(e5dc3c9aabe363a498bee541bb6ea07d) Importer(815301076,1909f56bfc062723c751e8b465ee728b)  -> (artifact id: '5e2143d4925f1940f5cfaf6506586d88') in 0.023934 seconds
  Import took 0.027041 seconds .

========================================================================
Received Import Request.
  Time since last request: 97.477657 seconds.
  path: Assets/Animation/Character/Player/Female/Hair/Front/FemaleHairFrontAnimator.controller
  artifactKey: Guid(e5dc3c9aabe363a498bee541bb6ea07d) Importer(815301076,1909f56bfc062723c751e8b465ee728b)
Start importing Assets/Animation/Character/Player/Female/Hair/Front/FemaleHairFrontAnimator.controller using Guid(e5dc3c9aabe363a498bee541bb6ea07d) Importer(815301076,1909f56bfc062723c751e8b465ee728b)  -> (artifact id: '87d44fef290d25eeed4a6422703330a5') in 0.025095 seconds
  Import took 0.028455 seconds .

========================================================================
Received Import Request.
  Time since last request: 9.439108 seconds.
  path: Assets/Animation/Character/Player/Female/Hair/Back/FemaleHairBackAnimator.controller
  artifactKey: Guid(79de4f7866506cd43bd5b8be7dbd23f4) Importer(815301076,1909f56bfc062723c751e8b465ee728b)
Start importing Assets/Animation/Character/Player/Female/Hair/Back/FemaleHairBackAnimator.controller using Guid(79de4f7866506cd43bd5b8be7dbd23f4) Importer(815301076,1909f56bfc062723c751e8b465ee728b)  -> (artifact id: '887abc4b2c566f46456e2d34a999ee03') in 0.044070 seconds
  Import took 0.046629 seconds .

========================================================================
Received Import Request.
  Time since last request: 22.629292 seconds.
  path: Assets/Animation/Character/Player/Female/Weapon/Back/FemaleSwordBackAnimator.controller
  artifactKey: Guid(cd9591055e1d0e64b860f111fe4fe143) Importer(815301076,1909f56bfc062723c751e8b465ee728b)
Start importing Assets/Animation/Character/Player/Female/Weapon/Back/FemaleSwordBackAnimator.controller using Guid(cd9591055e1d0e64b860f111fe4fe143) Importer(815301076,1909f56bfc062723c751e8b465ee728b)  -> (artifact id: '5633bdefd4203cfde9a9b9ea94269998') in 0.024394 seconds
  Import took 0.027174 seconds .

========================================================================
Received Import Request.
  Time since last request: 15.604016 seconds.
  path: Assets/Animation/Character/Player/Female/Weapon/Front/FemaleSwordFrontiAnimator.controller
  artifactKey: Guid(0d0a7fac16816934bbe70779291e6fd4) Importer(815301076,1909f56bfc062723c751e8b465ee728b)
Start importing Assets/Animation/Character/Player/Female/Weapon/Front/FemaleSwordFrontiAnimator.controller using Guid(0d0a7fac16816934bbe70779291e6fd4) Importer(815301076,1909f56bfc062723c751e8b465ee728b)  -> (artifact id: '0ae210a537a33e37a3c66fec8d9e9a23') in 0.023895 seconds
  Import took 0.027319 seconds .

========================================================================
Received Import Request.
  Time since last request: 117.234818 seconds.
  path: Assets/Animation/Character/Player/Female/Weapon/Front/Fight_Idle_SwordFront.anim
  artifactKey: Guid(e317eefb0f22c7c43ad4fa5242d91721) Importer(815301076,1909f56bfc062723c751e8b465ee728b)
Start importing Assets/Animation/Character/Player/Female/Weapon/Front/Fight_Idle_SwordFront.anim using Guid(e317eefb0f22c7c43ad4fa5242d91721) Importer(815301076,1909f56bfc062723c751e8b465ee728b)  -> (artifact id: '2c6a056a32e8509754ef95912cddabf9') in 0.029692 seconds
  Import took 0.032533 seconds .

========================================================================
Received Import Request.
  Time since last request: 1.696895 seconds.
  path: Assets/Animation/Character/Player/Female/Weapon/Front/FemaleSwordFrontiAnimator.controller
  artifactKey: Guid(0d0a7fac16816934bbe70779291e6fd4) Importer(815301076,1909f56bfc062723c751e8b465ee728b)
Start importing Assets/Animation/Character/Player/Female/Weapon/Front/FemaleSwordFrontiAnimator.controller using Guid(0d0a7fac16816934bbe70779291e6fd4) Importer(815301076,1909f56bfc062723c751e8b465ee728b)  -> (artifact id: '6d9089a0add5c3a4bdd3aa882880c2c8') in 0.024308 seconds
  Import took 0.026847 seconds .

========================================================================
Received Import Request.
  Time since last request: 18.613913 seconds.
  path: Assets/Animation/Character/Player/Female/Weapon/Back/FemaleSwordBackAnimator.controller
  artifactKey: Guid(cd9591055e1d0e64b860f111fe4fe143) Importer(815301076,1909f56bfc062723c751e8b465ee728b)
Start importing Assets/Animation/Character/Player/Female/Weapon/Back/FemaleSwordBackAnimator.controller using Guid(cd9591055e1d0e64b860f111fe4fe143) Importer(815301076,1909f56bfc062723c751e8b465ee728b)  -> (artifact id: '37d2595fc7fd6d45fc8fdcbc9cb86415') in 0.025462 seconds
  Import took 0.028121 seconds .

========================================================================
Received Import Request.
  Time since last request: 5.324870 seconds.
  path: Assets/Animation/Character/Player/Female/Hair/Front/FemaleHairFrontAnimator.controller
  artifactKey: Guid(e5dc3c9aabe363a498bee541bb6ea07d) Importer(815301076,1909f56bfc062723c751e8b465ee728b)
Start importing Assets/Animation/Character/Player/Female/Hair/Front/FemaleHairFrontAnimator.controller using Guid(e5dc3c9aabe363a498bee541bb6ea07d) Importer(815301076,1909f56bfc062723c751e8b465ee728b)  -> (artifact id: 'cdc3d0542ed5384c780442e829c6f5bd') in 0.022396 seconds
  Import took 0.025132 seconds .

========================================================================
Received Import Request.
  Time since last request: 4.356914 seconds.
  path: Assets/Animation/Character/Player/Female/Hair/Back/FemaleHairBackAnimator.controller
  artifactKey: Guid(79de4f7866506cd43bd5b8be7dbd23f4) Importer(815301076,1909f56bfc062723c751e8b465ee728b)
Start importing Assets/Animation/Character/Player/Female/Hair/Back/FemaleHairBackAnimator.controller using Guid(79de4f7866506cd43bd5b8be7dbd23f4) Importer(815301076,1909f56bfc062723c751e8b465ee728b)  -> (artifact id: '62d6bde501cf05419cb7637e3dea3e72') in 0.022777 seconds
  Import took 0.025507 seconds .

========================================================================
Received Import Request.
  Time since last request: 3.998068 seconds.
  path: Assets/Animation/Character/Player/Female/Eyes/FemaleEyesAnimator.controller
  artifactKey: Guid(cd06055f23d524d49ab1a0e880bbda6e) Importer(815301076,1909f56bfc062723c751e8b465ee728b)
Start importing Assets/Animation/Character/Player/Female/Eyes/FemaleEyesAnimator.controller using Guid(cd06055f23d524d49ab1a0e880bbda6e) Importer(815301076,1909f56bfc062723c751e8b465ee728b)  -> (artifact id: 'abce9b9f00832e7856c4b49f36ce70be') in 0.023004 seconds
  Import took 0.025774 seconds .

========================================================================
Received Import Request.
  Time since last request: 3.526521 seconds.
  path: Assets/Animation/Character/Player/Female/Body/FemaleyBody.controller
  artifactKey: Guid(594e3d0e721f1c649b1ab363831efd45) Importer(815301076,1909f56bfc062723c751e8b465ee728b)
Start importing Assets/Animation/Character/Player/Female/Body/FemaleyBody.controller using Guid(594e3d0e721f1c649b1ab363831efd45) Importer(815301076,1909f56bfc062723c751e8b465ee728b)  -> (artifact id: 'fe6d4d64568a48197c7da01e79f50a78') in 0.024498 seconds
  Import took 0.027141 seconds .

========================================================================
Received Import Request.
  Time since last request: 8.339686 seconds.
  path: Assets/Animation/Character/Player/Female/Armor/FemaleArmorAnimator.controller
  artifactKey: Guid(9b6bce2226cfb4947b3012a52ad610a6) Importer(815301076,1909f56bfc062723c751e8b465ee728b)
Start importing Assets/Animation/Character/Player/Female/Armor/FemaleArmorAnimator.controller using Guid(9b6bce2226cfb4947b3012a52ad610a6) Importer(815301076,1909f56bfc062723c751e8b465ee728b)  -> (artifact id: 'dbc36a992498fac6a3c40d6c13c1645a') in 0.022927 seconds
  Import took 0.025831 seconds .

========================================================================
Received Import Request.
  Time since last request: 5.174696 seconds.
  path: Assets/Animation/Character/Player/Female/Armor/Fight_Idle_Armor.anim
  artifactKey: Guid(aff78bc579c694c4eae7ae99bbad00e6) Importer(815301076,1909f56bfc062723c751e8b465ee728b)
Start importing Assets/Animation/Character/Player/Female/Armor/Fight_Idle_Armor.anim using Guid(aff78bc579c694c4eae7ae99bbad00e6) Importer(815301076,1909f56bfc062723c751e8b465ee728b)  -> (artifact id: '29ff6e3e20222565218d5859878efc03') in 0.025272 seconds
  Import took 0.027821 seconds .

========================================================================
Received Prepare
Registering precompiled user dll's ...
Registered in 0.001424 seconds.
Begin MonoManager ReloadAssembly
Native extension for WindowsStandalone target not found
Refreshing native plugins compatible for Editor in 0.38 ms, found 0 plugins.
Preloading 0 native plugins for Editor in 0.00 ms.
Invoked RoslynAnalysisRunner static constructor.
RoslynAnalysisRunner will not be running.
RoslynAnalysisRunner has terminated.
Mono: successfully reloaded assembly
- Completed reload, in  0.862 seconds
Platform modules already initialized, skipping
Refreshing native plugins compatible for Editor in 0.39 ms, found 0 plugins.
Preloading 0 native plugins for Editor in 0.00 ms.
Unloading 1390 Unused Serialized files (Serialized files now loaded: 0)
System memory in use before: 67.5 MB.
System memory in use after: 67.6 MB.

Unloading 24 unused Assets to reduce memory usage. Loaded Objects now: 1856.
Total: 2.293300 ms (FindLiveObjects: 0.231900 ms CreateObjectMapping: 0.100000 ms MarkObjects: 1.931500 ms  DeleteObjects: 0.028500 ms)

========================================================================
Received Prepare
Registering precompiled user dll's ...
Registered in 0.001271 seconds.
Begin MonoManager ReloadAssembly
Native extension for WindowsStandalone target not found
Refreshing native plugins compatible for Editor in 0.51 ms, found 0 plugins.
Preloading 0 native plugins for Editor in 0.00 ms.
Invoked RoslynAnalysisRunner static constructor.
RoslynAnalysisRunner will not be running.
RoslynAnalysisRunner has terminated.
Mono: successfully reloaded assembly
- Completed reload, in  0.808 seconds
Platform modules already initialized, skipping
Refreshing native plugins compatible for Editor in 0.39 ms, found 0 plugins.
Preloading 0 native plugins for Editor in 0.00 ms.
Unloading 1390 Unused Serialized files (Serialized files now loaded: 0)
System memory in use before: 67.6 MB.
System memory in use after: 67.6 MB.

Unloading 24 unused Assets to reduce memory usage. Loaded Objects now: 1859.
Total: 2.025700 ms (FindLiveObjects: 0.210100 ms CreateObjectMapping: 0.080900 ms MarkObjects: 1.694800 ms  DeleteObjects: 0.039100 ms)

========================================================================
Received Import Request.
  Time since last request: 66.063638 seconds.
  path: Assets/Animation/Character/Enemy/lizard_0.controller
  artifactKey: Guid(988dcd4649bbf3e4aa25227ffe01c39b) Importer(815301076,1909f56bfc062723c751e8b465ee728b)
Start importing Assets/Animation/Character/Enemy/lizard_0.controller using Guid(988dcd4649bbf3e4aa25227ffe01c39b) Importer(815301076,1909f56bfc062723c751e8b465ee728b)  -> (artifact id: '8fac98f8a57e545a1af9cde96a9ff206') in 0.032537 seconds
  Import took 0.035047 seconds .

========================================================================
Received Import Request.
  Time since last request: 12.219318 seconds.
  path: Assets/Animation/Character/Enemy/EnemyLizardAnimator.controller
  artifactKey: Guid(988dcd4649bbf3e4aa25227ffe01c39b) Importer(815301076,1909f56bfc062723c751e8b465ee728b)
Start importing Assets/Animation/Character/Enemy/EnemyLizardAnimator.controller using Guid(988dcd4649bbf3e4aa25227ffe01c39b) Importer(815301076,1909f56bfc062723c751e8b465ee728b)  -> (artifact id: 'fc10a6bc51a92420109154c367c2b7f2') in 0.025183 seconds
  Import took 0.027868 seconds .

========================================================================
Received Prepare
Registering precompiled user dll's ...
Registered in 0.001676 seconds.
Begin MonoManager ReloadAssembly
Native extension for WindowsStandalone target not found
Refreshing native plugins compatible for Editor in 0.39 ms, found 0 plugins.
Preloading 0 native plugins for Editor in 0.00 ms.
Invoked RoslynAnalysisRunner static constructor.
RoslynAnalysisRunner will not be running.
RoslynAnalysisRunner has terminated.
Mono: successfully reloaded assembly
- Completed reload, in  0.823 seconds
Platform modules already initialized, skipping
Refreshing native plugins compatible for Editor in 0.46 ms, found 0 plugins.
Preloading 0 native plugins for Editor in 0.00 ms.
Unloading 1390 Unused Serialized files (Serialized files now loaded: 0)
System memory in use before: 67.6 MB.
System memory in use after: 67.7 MB.

Unloading 24 unused Assets to reduce memory usage. Loaded Objects now: 1862.
Total: 1.600300 ms (FindLiveObjects: 0.148500 ms CreateObjectMapping: 0.044500 ms MarkObjects: 1.385200 ms  DeleteObjects: 0.021200 ms)

========================================================================
Received Prepare
Registering precompiled user dll's ...
Registered in 0.001153 seconds.
Begin MonoManager ReloadAssembly
Native extension for WindowsStandalone target not found
Refreshing native plugins compatible for Editor in 0.60 ms, found 0 plugins.
Preloading 0 native plugins for Editor in 0.00 ms.
Invoked RoslynAnalysisRunner static constructor.
RoslynAnalysisRunner will not be running.
RoslynAnalysisRunner has terminated.
Mono: successfully reloaded assembly
- Completed reload, in  0.843 seconds
Platform modules already initialized, skipping
Refreshing native plugins compatible for Editor in 0.38 ms, found 0 plugins.
Preloading 0 native plugins for Editor in 0.00 ms.
Unloading 1390 Unused Serialized files (Serialized files now loaded: 0)
System memory in use before: 67.6 MB.
System memory in use after: 67.7 MB.

Unloading 24 unused Assets to reduce memory usage. Loaded Objects now: 1865.
Total: 1.529800 ms (FindLiveObjects: 0.145300 ms CreateObjectMapping: 0.042200 ms MarkObjects: 1.306200 ms  DeleteObjects: 0.035400 ms)

========================================================================
Received Prepare
Registering precompiled user dll's ...
Registered in 0.001179 seconds.
Begin MonoManager ReloadAssembly
Native extension for WindowsStandalone target not found
Refreshing native plugins compatible for Editor in 0.38 ms, found 0 plugins.
Preloading 0 native plugins for Editor in 0.00 ms.
Invoked RoslynAnalysisRunner static constructor.
RoslynAnalysisRunner will not be running.
RoslynAnalysisRunner has terminated.
Mono: successfully reloaded assembly
- Completed reload, in  0.794 seconds
Platform modules already initialized, skipping
Refreshing native plugins compatible for Editor in 0.36 ms, found 0 plugins.
Preloading 0 native plugins for Editor in 0.00 ms.
Unloading 1390 Unused Serialized files (Serialized files now loaded: 0)
System memory in use before: 67.6 MB.
System memory in use after: 67.7 MB.

Unloading 24 unused Assets to reduce memory usage. Loaded Objects now: 1868.
Total: 2.098600 ms (FindLiveObjects: 0.189700 ms CreateObjectMapping: 0.052200 ms MarkObjects: 1.827100 ms  DeleteObjects: 0.028700 ms)

========================================================================
Received Prepare
Registering precompiled user dll's ...
Registered in 0.001264 seconds.
Begin MonoManager ReloadAssembly
Native extension for WindowsStandalone target not found
Refreshing native plugins compatible for Editor in 0.38 ms, found 0 plugins.
Preloading 0 native plugins for Editor in 0.00 ms.
Invoked RoslynAnalysisRunner static constructor.
RoslynAnalysisRunner will not be running.
RoslynAnalysisRunner has terminated.
Mono: successfully reloaded assembly
- Completed reload, in  0.771 seconds
Platform modules already initialized, skipping
Refreshing native plugins compatible for Editor in 0.39 ms, found 0 plugins.
Preloading 0 native plugins for Editor in 0.00 ms.
Unloading 1390 Unused Serialized files (Serialized files now loaded: 0)
System memory in use before: 67.6 MB.
System memory in use after: 67.7 MB.

Unloading 24 unused Assets to reduce memory usage. Loaded Objects now: 1871.
Total: 1.580000 ms (FindLiveObjects: 0.230800 ms CreateObjectMapping: 0.065600 ms MarkObjects: 1.267700 ms  DeleteObjects: 0.015000 ms)

========================================================================
Received Prepare
Registering precompiled user dll's ...
Registered in 0.001290 seconds.
Begin MonoManager ReloadAssembly
Native extension for WindowsStandalone target not found
Refreshing native plugins compatible for Editor in 0.40 ms, found 0 plugins.
Preloading 0 native plugins for Editor in 0.00 ms.
Invoked RoslynAnalysisRunner static constructor.
RoslynAnalysisRunner will not be running.
RoslynAnalysisRunner has terminated.
Mono: successfully reloaded assembly
- Completed reload, in  0.790 seconds
Platform modules already initialized, skipping
Refreshing native plugins compatible for Editor in 0.37 ms, found 0 plugins.
Preloading 0 native plugins for Editor in 0.00 ms.
Unloading 1390 Unused Serialized files (Serialized files now loaded: 0)
System memory in use before: 67.6 MB.
System memory in use after: 67.7 MB.

Unloading 24 unused Assets to reduce memory usage. Loaded Objects now: 1874.
Total: 2.278700 ms (FindLiveObjects: 0.229500 ms CreateObjectMapping: 0.112200 ms MarkObjects: 1.918100 ms  DeleteObjects: 0.018000 ms)

========================================================================
Received Import Request.
  Time since last request: 870.398413 seconds.
  path: Assets/Sprites/GUI/Battle
  artifactKey: Guid(7480bd065cf5754439222edef077f040) Importer(815301076,1909f56bfc062723c751e8b465ee728b)
Start importing Assets/Sprites/GUI/Battle using Guid(7480bd065cf5754439222edef077f040) Importer(815301076,1909f56bfc062723c751e8b465ee728b)  -> (artifact id: 'e378361918d049ce4c677bf0ae3fe459') in 0.026785 seconds
  Import took 0.029323 seconds .

========================================================================
Received Import Request.
  Time since last request: 0.043242 seconds.
  path: Assets/Sprites/GUI/Battle/basic_attack_button_click.png
  artifactKey: Guid(31f575691d47acc41b209d1e68633e7a) Importer(815301076,1909f56bfc062723c751e8b465ee728b)
Start importing Assets/Sprites/GUI/Battle/basic_attack_button_click.png using Guid(31f575691d47acc41b209d1e68633e7a) Importer(815301076,1909f56bfc062723c751e8b465ee728b)  -> (artifact id: '6031ac82a18cbd1aa4d83259151b1e2e') in 0.100867 seconds
  Import took 0.103651 seconds .

========================================================================
Received Import Request.
  Time since last request: 0.000207 seconds.
  path: Assets/Sprites/GUI/Battle/battle_timer.png
  artifactKey: Guid(a8bbdb7e66945934183d385cad374f6d) Importer(815301076,1909f56bfc062723c751e8b465ee728b)
Start importing Assets/Sprites/GUI/Battle/battle_timer.png using Guid(a8bbdb7e66945934183d385cad374f6d) Importer(815301076,1909f56bfc062723c751e8b465ee728b)  -> (artifact id: 'cd5355f5668782578fd3c25f4c336ca6') in 0.040650 seconds
  Import took 0.043280 seconds .

========================================================================
Received Import Request.
  Time since last request: 0.000225 seconds.
  path: Assets/Sprites/GUI/Battle/battle_health_background.png
  artifactKey: Guid(45c8a75e3d1d4624f9b8d02b36e87f40) Importer(815301076,1909f56bfc062723c751e8b465ee728b)
Start importing Assets/Sprites/GUI/Battle/battle_health_background.png using Guid(45c8a75e3d1d4624f9b8d02b36e87f40) Importer(815301076,1909f56bfc062723c751e8b465ee728b)  -> (artifact id: 'b3fa43748d43a0cf3b7d545eaea80108') in 0.057285 seconds
  Import took 0.059915 seconds .

========================================================================
Received Import Request.
  Time since last request: 0.000191 seconds.
  path: Assets/Sprites/GUI/Battle/battle_enemy_background.png
  artifactKey: Guid(f01404b11d418b44eba085340c73d9b0) Importer(815301076,1909f56bfc062723c751e8b465ee728b)
Start importing Assets/Sprites/GUI/Battle/battle_enemy_background.png using Guid(f01404b11d418b44eba085340c73d9b0) Importer(815301076,1909f56bfc062723c751e8b465ee728b)  -> (artifact id: 'e1c8683833a6d4b128a5a5f46b2f3d94') in 0.049930 seconds
  Import took 0.052172 seconds .

========================================================================
Received Import Request.
  Time since last request: 0.000185 seconds.
  path: Assets/Sprites/GUI/Battle/basic_attack_button_normal.png
  artifactKey: Guid(e6ed371d32180f646af2a8c449af4ecf) Importer(815301076,1909f56bfc062723c751e8b465ee728b)
Start importing Assets/Sprites/GUI/Battle/basic_attack_button_normal.png using Guid(e6ed371d32180f646af2a8c449af4ecf) Importer(815301076,1909f56bfc062723c751e8b465ee728b)  -> (artifact id: 'a399f80a3d094b6189d9d79890c6a070') in 0.051788 seconds
  Import took 0.054192 seconds .

========================================================================
Received Import Request.
  Time since last request: 0.000288 seconds.
  path: Assets/Sprites/GUI/Battle/battle_timer_background.png
  artifactKey: Guid(723f31d8ea907654aab3b3943db91377) Importer(815301076,1909f56bfc062723c751e8b465ee728b)
Start importing Assets/Sprites/GUI/Battle/battle_timer_background.png using Guid(723f31d8ea907654aab3b3943db91377) Importer(815301076,1909f56bfc062723c751e8b465ee728b)  -> (artifact id: '766b5cf53a678ba393a4bb58947f0f7d') in 0.059396 seconds
  Import took 0.061889 seconds .

========================================================================
Received Import Request.
  Time since last request: 0.000186 seconds.
  path: Assets/Sprites/GUI/Battle/battle_health.png
  artifactKey: Guid(5d82f1000a379e94d9ce5c172d500b47) Importer(815301076,1909f56bfc062723c751e8b465ee728b)
Start importing Assets/Sprites/GUI/Battle/battle_health.png using Guid(5d82f1000a379e94d9ce5c172d500b47) Importer(815301076,1909f56bfc062723c751e8b465ee728b)  -> (artifact id: 'a789926c10bcaa58161a5db000340147') in 0.071102 seconds
  Import took 0.073689 seconds .

========================================================================
Received Import Request.
  Time since last request: 0.000195 seconds.
  path: Assets/Sprites/GUI/Battle/basic_attack_button_hover.png
  artifactKey: Guid(95b9b29fdda6fd747833d2d4c78ac17f) Importer(815301076,1909f56bfc062723c751e8b465ee728b)
Start importing Assets/Sprites/GUI/Battle/basic_attack_button_hover.png using Guid(95b9b29fdda6fd747833d2d4c78ac17f) Importer(815301076,1909f56bfc062723c751e8b465ee728b)  -> (artifact id: '9a5282b7af345690c751d2bc487f89d7') in 0.068255 seconds
  Import took 0.070535 seconds .

========================================================================
Received Import Request.
  Time since last request: 0.000189 seconds.
  path: Assets/Sprites/GUI/Battle/basic_attack_button_disabled.png
  artifactKey: Guid(8b3a1e43606642e4fa9a2a572bae7f1b) Importer(815301076,1909f56bfc062723c751e8b465ee728b)
Start importing Assets/Sprites/GUI/Battle/basic_attack_button_disabled.png using Guid(8b3a1e43606642e4fa9a2a572bae7f1b) Importer(815301076,1909f56bfc062723c751e8b465ee728b)  -> (artifact id: 'cd06421e5059d8acbc3ed07456fc3388') in 0.044904 seconds
  Import took 0.047213 seconds .

========================================================================
Received Import Request.
  Time since last request: 0.000199 seconds.
  path: Assets/Sprites/GUI/Battle/basic_attack_button_disabled_small.png
  artifactKey: Guid(b2038500a0a3abb43932cf94cc3fd2c2) Importer(815301076,1909f56bfc062723c751e8b465ee728b)
Start importing Assets/Sprites/GUI/Battle/basic_attack_button_disabled_small.png using Guid(b2038500a0a3abb43932cf94cc3fd2c2) Importer(815301076,1909f56bfc062723c751e8b465ee728b)  -> (artifact id: 'd147e96f3d76900f314458a108854d76') in 0.050555 seconds
  Import took 0.052868 seconds .

========================================================================
Received Import Request.
  Time since last request: 0.000179 seconds.
  path: Assets/Sprites/GUI/Battle/battle_enemy_health.png
  artifactKey: Guid(04e0b5e9ce02f34428557435eaa58f55) Importer(815301076,1909f56bfc062723c751e8b465ee728b)
Start importing Assets/Sprites/GUI/Battle/battle_enemy_health.png using Guid(04e0b5e9ce02f34428557435eaa58f55) Importer(815301076,1909f56bfc062723c751e8b465ee728b)  -> (artifact id: '4823d70be96b85ac63fd061620965530') in 0.050296 seconds
  Import took 0.052692 seconds .

========================================================================
Received Import Request.
  Time since last request: 550.065718 seconds.
  path: Assets/Animation/Effects
  artifactKey: Guid(efc9fccf071535d439a9ce9313421271) Importer(815301076,1909f56bfc062723c751e8b465ee728b)
Start importing Assets/Animation/Effects using Guid(efc9fccf071535d439a9ce9313421271) Importer(815301076,1909f56bfc062723c751e8b465ee728b)  -> (artifact id: '20b08ec16a2a3f1da9c82a3d88ea5745') in 0.024032 seconds
  Import took 0.026546 seconds .

========================================================================
Received Import Request.
  Time since last request: 28.729879 seconds.
  path: Assets/Animation/Effects/slash_physical_0.controller
  artifactKey: Guid(cba6725e8cba215469fc6ba40864af4f) Importer(815301076,1909f56bfc062723c751e8b465ee728b)
Start importing Assets/Animation/Effects/slash_physical_0.controller using Guid(cba6725e8cba215469fc6ba40864af4f) Importer(815301076,1909f56bfc062723c751e8b465ee728b)  -> (artifact id: '7b5572ead1f7243be3e71b7ca63c78c9') in 0.028240 seconds
  Import took 0.030912 seconds .

========================================================================
Received Import Request.
  Time since last request: 5.003098 seconds.
  path: Assets/Animation/Effects/EffectsAnimator.controller
  artifactKey: Guid(cba6725e8cba215469fc6ba40864af4f) Importer(815301076,1909f56bfc062723c751e8b465ee728b)
Start importing Assets/Animation/Effects/EffectsAnimator.controller using Guid(cba6725e8cba215469fc6ba40864af4f) Importer(815301076,1909f56bfc062723c751e8b465ee728b)  -> (artifact id: '8c7018494db74ece85e8eb70e9c6dbaa') in 0.026653 seconds
  Import took 0.030125 seconds .

========================================================================
Received Import Request.
  Time since last request: 16.677070 seconds.
  path: Assets/Animation/Effects/SlashEffect.anim
  artifactKey: Guid(2a40f56745163b04bb92ae8b3534a3d4) Importer(815301076,1909f56bfc062723c751e8b465ee728b)
Start importing Assets/Animation/Effects/SlashEffect.anim using Guid(2a40f56745163b04bb92ae8b3534a3d4) Importer(815301076,1909f56bfc062723c751e8b465ee728b)  -> (artifact id: '44453b6cf7164f29cb517ee2beb7834c') in 0.026740 seconds
  Import took 0.029707 seconds .

========================================================================
Received Prepare
Registering precompiled user dll's ...
Registered in 0.001615 seconds.
Begin MonoManager ReloadAssembly
Native extension for WindowsStandalone target not found
Refreshing native plugins compatible for Editor in 0.39 ms, found 0 plugins.
Preloading 0 native plugins for Editor in 0.00 ms.
Invoked RoslynAnalysisRunner static constructor.
RoslynAnalysisRunner will not be running.
RoslynAnalysisRunner has terminated.
Mono: successfully reloaded assembly
- Completed reload, in  0.905 seconds
Platform modules already initialized, skipping
Refreshing native plugins compatible for Editor in 0.39 ms, found 0 plugins.
Preloading 0 native plugins for Editor in 0.00 ms.
Unloading 1390 Unused Serialized files (Serialized files now loaded: 0)
System memory in use before: 67.7 MB.
System memory in use after: 67.8 MB.

Unloading 24 unused Assets to reduce memory usage. Loaded Objects now: 1892.
Total: 4.757200 ms (FindLiveObjects: 0.310700 ms CreateObjectMapping: 0.153600 ms MarkObjects: 4.256300 ms  DeleteObjects: 0.034500 ms)

========================================================================
Received Import Request.
  Time since last request: 52.436614 seconds.
  path: Assets/Sprites/GUI/Select
  artifactKey: Guid(805f7bea5e913a8409a527cf03370df6) Importer(815301076,1909f56bfc062723c751e8b465ee728b)
Start importing Assets/Sprites/GUI/Select using Guid(805f7bea5e913a8409a527cf03370df6) Importer(815301076,1909f56bfc062723c751e8b465ee728b)  -> (artifact id: '1b8ad3d10d01631813a4c8ca019799db') in 0.028052 seconds
  Import took 0.031212 seconds .

========================================================================
Received Import Request.
  Time since last request: 524.864830 seconds.
  path: Assets/Animation/GUI/Arrows
  artifactKey: Guid(055e53f7a310e5e41adf450f36cbf09f) Importer(815301076,1909f56bfc062723c751e8b465ee728b)
Start importing Assets/Animation/GUI/Arrows using Guid(055e53f7a310e5e41adf450f36cbf09f) Importer(815301076,1909f56bfc062723c751e8b465ee728b)  -> (artifact id: 'f25bc53216bff2bbe269582176c93574') in 0.024414 seconds
  Import took 0.040539 seconds .

========================================================================
Received Import Request.
  Time since last request: 1.991927 seconds.
  path: Assets/Animation/GUI/Arrows/East.controller
  artifactKey: Guid(e16f3f260da24e54298de34d9f120c25) Importer(815301076,1909f56bfc062723c751e8b465ee728b)
Start importing Assets/Animation/GUI/Arrows/East.controller using Guid(e16f3f260da24e54298de34d9f120c25) Importer(815301076,1909f56bfc062723c751e8b465ee728b)  -> (artifact id: '27d98476bb70e9a427ea2b103a5cf648') in 0.012018 seconds
  Import took 0.014920 seconds .

========================================================================
Received Import Request.
  Time since last request: 10.553141 seconds.
  path: Assets/Animation/GUI/Arrows/ArrowEastAnimator.controller
  artifactKey: Guid(e16f3f260da24e54298de34d9f120c25) Importer(815301076,1909f56bfc062723c751e8b465ee728b)
Start importing Assets/Animation/GUI/Arrows/ArrowEastAnimator.controller using Guid(e16f3f260da24e54298de34d9f120c25) Importer(815301076,1909f56bfc062723c751e8b465ee728b)  -> (artifact id: 'ddee0bbcc7219e76abc7f23df1791345') in 0.023984 seconds
  Import took 0.026625 seconds .

========================================================================
Received Import Request.
  Time since last request: 1.612956 seconds.
  path: Assets/Animation/GUI/Arrows/North.controller
  artifactKey: Guid(df8406a26c70c8f409f3423031a738ce) Importer(815301076,1909f56bfc062723c751e8b465ee728b)
Start importing Assets/Animation/GUI/Arrows/North.controller using Guid(df8406a26c70c8f409f3423031a738ce) Importer(815301076,1909f56bfc062723c751e8b465ee728b)  -> (artifact id: '04e0aee294442d9f30fd10a2bc8b06db') in 0.024817 seconds
  Import took 0.027538 seconds .

========================================================================
Received Import Request.
  Time since last request: 13.268718 seconds.
  path: Assets/Animation/GUI/Arrows/West.controller
  artifactKey: Guid(a8bc2af7e92564448b1bb0ba9afa12c0) Importer(815301076,1909f56bfc062723c751e8b465ee728b)
Start importing Assets/Animation/GUI/Arrows/West.controller using Guid(a8bc2af7e92564448b1bb0ba9afa12c0) Importer(815301076,1909f56bfc062723c751e8b465ee728b)  -> (artifact id: '7cf6b95020be5605cd2273477e3ce92d') in 0.004880 seconds
  Import took 0.008169 seconds .

========================================================================
Received Import Request.
  Time since last request: 0.001711 seconds.
  path: Assets/Animation/GUI/Arrows/West.controller
  artifactKey: Guid(a8bc2af7e92564448b1bb0ba9afa12c0) Importer(815301076,1909f56bfc062723c751e8b465ee728b)
Start importing Assets/Animation/GUI/Arrows/West.controller using Guid(a8bc2af7e92564448b1bb0ba9afa12c0) Importer(815301076,1909f56bfc062723c751e8b465ee728b)  -> (artifact id: '7cf6b95020be5605cd2273477e3ce92d') in 0.003779 seconds
  Import took 0.006489 seconds .

========================================================================
Received Import Request.
  Time since last request: 115.675924 seconds.
  path: Assets/Animation/GUI/Arrows/ArrowEastAnimator.controller
  artifactKey: Guid(e16f3f260da24e54298de34d9f120c25) Importer(815301076,1909f56bfc062723c751e8b465ee728b)
Start importing Assets/Animation/GUI/Arrows/ArrowEastAnimator.controller using Guid(e16f3f260da24e54298de34d9f120c25) Importer(815301076,1909f56bfc062723c751e8b465ee728b)  -> (artifact id: '206ca16cf67c3486248b43d58766109a') in 0.025481 seconds
  Import took 0.028363 seconds .

========================================================================
Received Import Request.
  Time since last request: 16.680973 seconds.
  path: Assets/Animation/GUI/Arrows/ArrowAnimator.controller
  artifactKey: Guid(e16f3f260da24e54298de34d9f120c25) Importer(815301076,1909f56bfc062723c751e8b465ee728b)
Start importing Assets/Animation/GUI/Arrows/ArrowAnimator.controller using Guid(e16f3f260da24e54298de34d9f120c25) Importer(815301076,1909f56bfc062723c751e8b465ee728b)  -> (artifact id: 'eeaca046ba3c2795a4c8d38331b97175') in 0.025969 seconds
  Import took 0.028733 seconds .

========================================================================
Received Import Request.
  Time since last request: 2612.704117 seconds.
  path: Assets/Animation/Character/Player/Female/Armor/FemaleArmorAnimator.controller
  artifactKey: Guid(9b6bce2226cfb4947b3012a52ad610a6) Importer(815301076,1909f56bfc062723c751e8b465ee728b)
Start importing Assets/Animation/Character/Player/Female/Armor/FemaleArmorAnimator.controller using Guid(9b6bce2226cfb4947b3012a52ad610a6) Importer(815301076,1909f56bfc062723c751e8b465ee728b)  -> (artifact id: 'a64ff16a9429f41a2d291dfcd7ab2cd6') in 0.058734 seconds
  Import took 0.075272 seconds .

========================================================================
Received Import Request.
  Time since last request: 54.988158 seconds.
  path: Assets/Animation/Character/Player/Female/Weapon/Back/FemaleSwordBackAnimator.controller
  artifactKey: Guid(cd9591055e1d0e64b860f111fe4fe143) Importer(815301076,1909f56bfc062723c751e8b465ee728b)
Start importing Assets/Animation/Character/Player/Female/Weapon/Back/FemaleSwordBackAnimator.controller using Guid(cd9591055e1d0e64b860f111fe4fe143) Importer(815301076,1909f56bfc062723c751e8b465ee728b)  -> (artifact id: '775f00a11a7c2fdc40be9ba16e5e7a47') in 0.053384 seconds
  Import took 0.056252 seconds .

========================================================================
Received Import Request.
  Time since last request: 1.541955 seconds.
  path: Assets/Animation/Character/Player/Female/Weapon/Back/FemaleSwordBackAnimator.controller
  artifactKey: Guid(cd9591055e1d0e64b860f111fe4fe143) Importer(815301076,1909f56bfc062723c751e8b465ee728b)
Start importing Assets/Animation/Character/Player/Female/Weapon/Back/FemaleSwordBackAnimator.controller using Guid(cd9591055e1d0e64b860f111fe4fe143) Importer(815301076,1909f56bfc062723c751e8b465ee728b)  -> (artifact id: 'a1c1ed3ab8a7c14f9173c9a28cde8e7e') in 0.026517 seconds
  Import took 0.029243 seconds .

========================================================================
Received Prepare
Registering precompiled user dll's ...
Registered in 0.001366 seconds.
Begin MonoManager ReloadAssembly
Native extension for WindowsStandalone target not found
Refreshing native plugins compatible for Editor in 0.39 ms, found 0 plugins.
Preloading 0 native plugins for Editor in 0.00 ms.
Invoked RoslynAnalysisRunner static constructor.
RoslynAnalysisRunner will not be running.
RoslynAnalysisRunner has terminated.
Mono: successfully reloaded assembly
- Completed reload, in  0.923 seconds
Platform modules already initialized, skipping
Refreshing native plugins compatible for Editor in 0.40 ms, found 0 plugins.
Preloading 0 native plugins for Editor in 0.00 ms.
Unloading 1390 Unused Serialized files (Serialized files now loaded: 0)
System memory in use before: 67.7 MB.
System memory in use after: 67.8 MB.

Unloading 24 unused Assets to reduce memory usage. Loaded Objects now: 1895.
Total: 2.201200 ms (FindLiveObjects: 0.213600 ms CreateObjectMapping: 0.046700 ms MarkObjects: 1.889400 ms  DeleteObjects: 0.050400 ms)

AssetImportWorkerClient::OnTransportError - code=2 error=End of file
